<?xml version="1.0" encoding="UTF-8"?>
<testng-results ignored="0" total="1" passed="1" failed="0" skipped="0">
  <reporter-output>
  </reporter-output>
  <suite started-at="2021-05-30T16:43:24Z" name="Default suite" finished-at="2021-05-30T16:43:24Z" duration-ms="170">
    <groups>
    </groups>
    <test started-at="2021-05-30T16:43:24Z" name="Default test" finished-at="2021-05-30T16:43:24Z" duration-ms="170">
      <class name="programming.HelloWorld">
        <test-method signature="testCase_001()[pri:0, instance:programming.HelloWorld@27508c5d]" started-at="2021-05-30T16:43:24Z" name="testCase_001" finished-at="2021-05-30T16:43:24Z" duration-ms="52" status="PASS">
          <reporter-output>
          </reporter-output>
        </test-method> <!-- testCase_001 -->
      </class> <!-- programming.HelloWorld -->
    </test> <!-- Default test -->
  </suite> <!-- Default suite -->
</testng-results>
